c:\users\utente\desktop\projects\gamedev projects\2019\firelight_engine\libbuild\intermediate\firelight.pdb
c:\users\utente\desktop\projects\gamedev projects\2019\firelight_engine\libbuild\intermediate\firelight.idb
c:\users\utente\desktop\projects\gamedev projects\2019\firelight_engine\libbuild\intermediate\scenenode.obj
c:\users\utente\desktop\projects\gamedev projects\2019\firelight_engine\libbuild\intermediate\scenemanager.obj
c:\users\utente\desktop\projects\gamedev projects\2019\firelight_engine\libbuild\intermediate\scene.obj
c:\users\utente\desktop\projects\gamedev projects\2019\firelight_engine\libbuild\intermediate\indexbuffer.obj
c:\users\utente\desktop\projects\gamedev projects\2019\firelight_engine\libbuild\intermediate\testsystem.obj
c:\users\utente\desktop\projects\gamedev projects\2019\firelight_engine\libbuild\intermediate\spriterendersystem.obj
c:\users\utente\desktop\projects\gamedev projects\2019\firelight_engine\libbuild\intermediate\camera2dsystem.obj
c:\users\utente\desktop\projects\gamedev projects\2019\firelight_engine\libbuild\intermediate\system.obj
c:\users\utente\desktop\projects\gamedev projects\2019\firelight_engine\libbuild\intermediate\entity.obj
c:\users\utente\desktop\projects\gamedev projects\2019\firelight_engine\libbuild\intermediate\componentpool.obj
c:\users\utente\desktop\projects\gamedev projects\2019\firelight_engine\libbuild\intermediate\component.obj
c:\users\utente\desktop\projects\gamedev projects\2019\firelight_engine\libbuild\intermediate\imgui_stl.obj
c:\users\utente\desktop\projects\gamedev projects\2019\firelight_engine\libbuild\intermediate\imgui_freetype.obj
c:\users\utente\desktop\projects\gamedev projects\2019\firelight_engine\libbuild\intermediate\binary_to_compressed_c.obj
c:\users\utente\desktop\projects\gamedev projects\2019\firelight_engine\libbuild\intermediate\imgui_widgets.obj
c:\users\utente\desktop\projects\gamedev projects\2019\firelight_engine\libbuild\intermediate\imgui_impl_opengl3.obj
c:\users\utente\desktop\projects\gamedev projects\2019\firelight_engine\libbuild\intermediate\imgui_impl_glfw.obj
c:\users\utente\desktop\projects\gamedev projects\2019\firelight_engine\libbuild\intermediate\imgui_draw.obj
c:\users\utente\desktop\projects\gamedev projects\2019\firelight_engine\libbuild\intermediate\imgui_demo.obj
c:\users\utente\desktop\projects\gamedev projects\2019\firelight_engine\libbuild\intermediate\imgui.obj
c:\users\utente\desktop\projects\gamedev projects\2019\firelight_engine\libbuild\intermediate\world.obj
c:\users\utente\desktop\projects\gamedev projects\2019\firelight_engine\libbuild\intermediate\vertexarraybuffer.obj
c:\users\utente\desktop\projects\gamedev projects\2019\firelight_engine\libbuild\intermediate\vertexbuffer.obj
c:\users\utente\desktop\projects\gamedev projects\2019\firelight_engine\libbuild\intermediate\texture.obj
c:\users\utente\desktop\projects\gamedev projects\2019\firelight_engine\libbuild\intermediate\window.obj
c:\users\utente\desktop\projects\gamedev projects\2019\firelight_engine\libbuild\intermediate\shader.obj
c:\users\utente\desktop\projects\gamedev projects\2019\firelight_engine\libbuild\intermediate\resource.obj
c:\users\utente\desktop\projects\gamedev projects\2019\firelight_engine\libbuild\intermediate\randomnumber.obj
c:\users\utente\desktop\projects\gamedev projects\2019\firelight_engine\libbuild\intermediate\rendersystem.obj
c:\users\utente\desktop\projects\gamedev projects\2019\firelight_engine\libbuild\intermediate\renderbuffer.obj
c:\users\utente\desktop\projects\gamedev projects\2019\firelight_engine\libbuild\intermediate\time.obj
c:\users\utente\desktop\projects\gamedev projects\2019\firelight_engine\libbuild\intermediate\camera.obj
c:\users\utente\desktop\projects\gamedev projects\2019\firelight_engine\libbuild\intermediate\app.obj
c:\users\utente\desktop\projects\gamedev projects\2019\firelight_engine\libbuild\intermediate\gl3w.obj
c:\users\utente\desktop\projects\gamedev projects\2019\firelight_engine\libbuild\firelight.lib
c:\users\utente\desktop\projects\gamedev projects\2019\firelight_engine\libbuild\firelight.pdb
c:\users\utente\desktop\projects\gamedev projects\2019\firelight_engine\libbuild\intermediate\firelight.tlog\cl.command.1.tlog
c:\users\utente\desktop\projects\gamedev projects\2019\firelight_engine\libbuild\intermediate\firelight.tlog\cl.read.1.tlog
c:\users\utente\desktop\projects\gamedev projects\2019\firelight_engine\libbuild\intermediate\firelight.tlog\cl.write.1.tlog
c:\users\utente\desktop\projects\gamedev projects\2019\firelight_engine\libbuild\intermediate\firelight.tlog\lib-link.read.1.tlog
c:\users\utente\desktop\projects\gamedev projects\2019\firelight_engine\libbuild\intermediate\firelight.tlog\lib-link.write.1.tlog
c:\users\utente\desktop\projects\gamedev projects\2019\firelight_engine\libbuild\intermediate\firelight.tlog\lib.command.1.tlog
